2015-00-05 16:57:03 - error: Could not parse /Users/felix/Sites/webhippie/repos/psilog-collector/conf.d/presets/apache-combined-psi.yml: bad indentation of a sequence entry at line 31, column 13:
        search: -
                ^
2015-00-05 16:58:41 - error: Could not parse /Users/felix/Sites/webhippie/repos/psilog-collector/conf.d/presets/apache-combined.yml: bad indentation of a sequence entry at line 27, column 13:
        search: -
                ^
2015-00-05 17:03:44 - info: [ownCloud pipe] start tailing /Users/felix/Sites/ownCloud/deployment/systems/ldap-enterprise-7.0.4/data/owncloud.log
2015-00-05 17:03:44 - info: PsiLog::collector started
2015-00-05 17:04:11 - info: [ownCloud pipe] start tailing /Users/felix/Sites/ownCloud/deployment/systems/ldap-enterprise-7.0.4/data/owncloud.log
2015-00-05 17:04:11 - info: PsiLog::collector started
2015-00-05 17:06:04 - info: [ownCloud pipe] start tailing /Users/felix/Sites/ownCloud/deployment/systems/ldap-enterprise-7.0.4/data/owncloud.log
2015-00-05 17:06:04 - info: PsiLog::collector started
2015-00-05 17:08:01 - info: [ownCloud pipe] start tailing /Users/felix/Sites/ownCloud/deployment/systems/ldap-enterprise-7.0.4/data/owncloud.log
2015-00-05 17:08:01 - info: PsiLog::collector started
2015-00-05 17:08:08 - warn: ownCloud pipe Invalid JSON: ==> /Users/felix/Sites/ownCloud/deployment/systems/ldap-enterprise-7.0.4/data/owncloud.log <==
2015-00-05 17:08:41 - info: [ownCloud pipe] start tailing /Users/felix/Sites/ownCloud/deployment/systems/ldap-enterprise-7.0.4/data/owncloud.log
2015-00-05 17:08:41 - info: PsiLog::collector started
2015-00-05 17:20:53 - info: [ownCloud pipe] start tailing /Users/felix/Sites/ownCloud/deployment/systems/ldap-enterprise-7.0.4/data/owncloud.log
2015-00-05 17:20:53 - info: PsiLog::collector started
2015-00-05 17:23:02 - info: [ownCloud pipe] start tailing /Users/felix/Sites/ownCloud/deployment/systems/ldap-enterprise-7.0.4/data/owncloud.log
2015-00-05 17:23:02 - info: PsiLog::collector started
2015-00-05 17:23:43 - info: [ownCloud pipe] start tailing /Users/felix/Sites/ownCloud/deployment/systems/ldap-enterprise-7.0.4/data/owncloud.log
2015-00-05 17:23:43 - info: PsiLog::collector started
2015-00-05 17:25:07 - error: Could not parse /Users/felix/Sites/webhippie/repos/psilog-collector/conf.d/presets/owncloud.yml: bad indentation of a sequence entry at line 13, column 13:
        target: @timestamp
                ^
2015-00-05 17:25:18 - info: [ownCloud pipe] start tailing /Users/felix/Sites/ownCloud/deployment/systems/ldap-enterprise-7.0.4/data/owncloud.log
2015-00-05 17:25:18 - info: PsiLog::collector started
2015-00-05 17:32:05 - info: PsiLog::collector started
